
======================================
    PekOS       -       Kernel 9.x
    ------------------------------
    9.0.1       -   Small bug-fix.
    9.0         -   64-bit support, switch to C++, new default shell.

======================================
    PekOS       -       Kernel 8.x
    ------------------------------
    8.0         -   Bt System Kernel, i686-elf, new pTerm(inal)

======================================
    PekOS       -       Kernel 7.x
    ------------------------------
    7.2         -   Groundwork for user account system, "root" & "whois" commands added, "ver" command updated, new command line look, new font names
    7.1         -   Minor bug fixes, added a "help" & "ver" commands, added a start up sound, new sound test file & other minor changes
    7.0         -   7.x kernel added, 32 bit support, mix of C & ASM, new shell, new file system, etc.

======================================
    PekOS       -       Kernel 3.x
    ------------------------------
    6.33        -   New look for the OS.
    5.1         -   Reworked some stuff and updated pTerm and changed color of background
    4.3         -   Updated pTerm
    3.1         -   First public release of PekOS, features 3.x kernel
